<?xml version='1.0' encoding='UTF-8'?>
<!DOCTYPE hibernate-configuration PUBLIC
	"-//Hibernate/Hibernate Configuration DTD 3.0//EN"
	"http://hibernate.org/dtd/hibernate-configuration-3.0.dtd">

<hibernate-configuration>
	<session-factory>
			<mapping class="org.openmrs.module.mdrtb.service.ConceptServiceAdvice" />
			<mapping class="org.openmrs.module.mdrtb.service.MdrtbService" />
			<mapping class="org.openmrs.module.mdrtb.service.db.HibernateMdrtbDAO" />
			<!-- <mapping resource="CommonLabTestAttribute.hbm.xml"/> 
			<mapping class="org.openmrs.module.mdrtb.service.LabTestAttributeType" />
			<mapping class="org.openmrs.module.mdrtb.service.LabTestSample" />
			<mapping class="org.openmrs.module.mdrtb.service.LabTestType" />
			-->
	
	</session-factory>
</hibernate-configuration>

 